\BOOKMARK [1][-]{section.1}{\376\377\000I\000n\000t\000r\000o\000d\000u\000c\000e\000r\000e}{}% 1
\BOOKMARK [1][-]{section.2}{\376\377\000D\000e\000s\000c\000r\000i\000e\000r\000e\000a\000\040\000u\000n\000u\000i\000\040\000s\000i\000s\000t\000e\000m\000\040\000d\000e\000\040\000r\000e\000c\000u\000n\000o\000a\000s\000t\000e\000r\000e}{}% 2
\BOOKMARK [1][-]{section.3}{\376\377\000R\000e\000p\000r\000e\000z\000e\000n\000t\000a\000r\000e\000a\000\040\000i\000m\000a\000g\000i\000n\000i\000l\000o\000r}{}% 3
\BOOKMARK [1][-]{section.4}{\376\377\000P\000r\000e\000p\000r\000o\000c\000e\000s\000a\000r\000e\000a\000\040\000i\000m\000a\000g\000i\000n\000i\000i\000\040\000s\000i\000\040\000e\000l\000i\000m\000i\000n\000a\000r\000e\000a\000\040\000z\000g\000o\000m\000o\000t\000u\000l\000u\000i}{}% 4
\BOOKMARK [2][-]{subsection.4.1}{\376\377\000F\000i\000l\000t\000r\000u\000l\000\040\000m\000e\000d\000i\000a\000n}{section.4}% 5
\BOOKMARK [2][-]{subsection.4.2}{\376\377\000F\000i\000l\000t\000r\000u\000l\000\040\000L\000a\000p\000l\000a\000c\000i\000a\000n}{section.4}% 6
\BOOKMARK [2][-]{subsection.4.3}{\376\377\000F\000i\000l\000t\000r\000u\000l\000\040\000G\000a\000u\000s\000s\000i\000a\000n}{section.4}% 7
\BOOKMARK [1][-]{section.5}{\376\377\000S\000e\000g\000m\000e\000n\000t\000a\000r\000e\000a\000\040\000i\000m\000a\000g\000i\000n\000i\000i}{}% 8
\BOOKMARK [1][-]{section.6}{\376\377\000D\000e\000t\000e\000c\000t\000a\000r\000e\000a\000\040\000c\000o\000n\000t\000u\000r\000u\000r\000i\000l\000o\000r}{}% 9
\BOOKMARK [2][-]{subsection.6.1}{\376\377\000O\000p\000e\000r\000a\000t\000o\000r\000u\000l\000\040\000S\000o\000b\000e\000l}{section.6}% 10
\BOOKMARK [2][-]{subsection.6.2}{\376\377\000O\000p\000e\000r\000a\000t\000o\000r\000u\000l\000\040\000P\000r\000e\000w\000i\000t\000t}{section.6}% 11
\BOOKMARK [2][-]{subsection.6.3}{\376\377\000O\000p\000e\000r\000a\000t\000o\000r\000u\000l\000\040\000R\000o\000b\000e\000r\000t}{section.6}% 12
\BOOKMARK [2][-]{subsection.6.4}{\376\377\000O\000p\000e\000r\000a\000t\000o\000r\000u\000l\000\040\000M\000a\000r\000r\000-\000H\000i\000l\000d\000r\000e\000t\000h}{section.6}% 13
\BOOKMARK [2][-]{subsection.6.5}{\376\377\000O\000p\000e\000r\000a\000t\000o\000r\000u\000l\000\040\000C\000a\000n\000n\000y}{section.6}% 14
\BOOKMARK [1][-]{section.7}{\376\377\000H\000i\000s\000t\000o\000g\000r\000a\000m\000e\000\040\000d\000e\000\040\000i\000n\000t\000e\000n\000s\000i\000t\000a\000t\000e}{}% 15
\BOOKMARK [2][-]{subsection.7.1}{\376\377\000S\000c\000u\000r\000t\000a\000\040\000d\000e\000s\000c\000r\000i\000e\000r\000e}{section.7}% 16
\BOOKMARK [2][-]{subsection.7.2}{\376\377\000C\000u\000m\000\040\000f\000u\000n\000c\000t\000i\000o\000n\000e\000a\000z\000a}{section.7}% 17
\BOOKMARK [1][-]{section.8}{\376\377\000C\000l\000a\000s\000i\000f\000i\000c\000a\000r\000e\000\040\000f\000o\000l\000o\000s\000i\000n\000d\000\040\000m\000e\000t\000o\000d\000e\000\040\000d\000e\000\040\000i\000n\000v\000a\000t\000a\000r\000e\000\040\000a\000u\000t\000o\000m\000a\000t\000a}{}% 18
\BOOKMARK [2][-]{subsection.8.1}{\376\377\000C\000e\000\040\000e\000s\000t\000e\000\040\000o\000\040\000r\000e\000t\000e\000a\000\040\000n\000e\000u\000r\000o\000n\000a\000l\000a\000\040\000c\000o\000n\000v\000o\000l\000u\000t\000i\000o\000n\000a\000l\000a}{section.8}% 19
\BOOKMARK [3][-]{subsubsection.8.1.1}{\376\377\000S\000t\000r\000a\000t\000u\000l\000\040\000d\000e\000\040\000c\000o\000n\000v\000o\000l\000u\000t\000i\000e}{subsection.8.1}% 20
\BOOKMARK [3][-]{subsubsection.8.1.2}{\376\377\000C\000u\000m\000\040\000f\000u\000n\000c\000t\000i\000o\000n\000e\000a\000z\000a\000\040\000p\000a\000s\000u\000l\000\040\000d\000e\000\040\000c\000o\000n\000v\000o\000l\000u\000t\000i\000e}{subsection.8.1}% 21
\BOOKMARK [3][-]{subsubsection.8.1.3}{\376\377\000F\000u\000n\000c\000t\000i\000a\000\040\000d\000e\000\040\000a\000c\000t\000i\000v\000a\000r\000e}{subsection.8.1}% 22
\BOOKMARK [3][-]{subsubsection.8.1.4}{\376\377\000S\000t\000r\000a\000t\000u\000l\000\040\000d\000e\000\040\000g\000r\000u\000p\000a\000r\000e\000\040\000/\000\040\000p\000u\000n\000e\000r\000e\000\040\000i\000n\000\040\000c\000o\000m\000u\000n}{subsection.8.1}% 23
\BOOKMARK [3][-]{subsubsection.8.1.5}{\376\377\000S\000t\000r\000a\000t\000u\000l\000\040\000c\000o\000m\000p\000l\000e\000t\000\040\000c\000o\000n\000e\000c\000t\000a\000t}{subsection.8.1}% 24
\BOOKMARK [2][-]{subsection.8.2}{\376\377\000F\000l\000u\000x\000\040\000d\000e\000\040\000l\000u\000c\000r\000u\000\040\000p\000e\000n\000t\000r\000u\000\040\000a\000\040\000r\000e\000z\000o\000l\000v\000a\000\040\000p\000r\000o\000b\000l\000e\000m\000a\000\040\000d\000e\000\040\000c\000l\000a\000s\000i\000f\000i\000c\000a\000r\000e\000\040\000a\000\040\000i\000m\000a\000g\000i\000n\000i\000l\000o\000r\000\040\000f\000o\000l\000o\000s\000i\000n\000d\000\040\000r\000e\000t\000e\000l\000e\000\040\000n\000e\000u\000r\000o\000n\000a\000l\000e\000\040\000c\000o\000n\000v\000o\000l\000u\002\033\000i\000o\000n\000a\000l\000e}{section.8}% 25
\BOOKMARK [1][-]{section.9}{\376\377\000E\000x\000e\000m\000p\000l\000u\000\040\000d\000e\000\040\000a\000p\000l\000i\000c\000a\000t\000i\000e}{}% 26
\BOOKMARK [2][-]{subsection.9.1}{\376\377\000M\000e\000t\000o\000d\000e\000\040\000d\000e\000\040\000p\000r\000e\000p\000r\000o\000c\000e\000s\000a\000r\000e}{section.9}% 27
\BOOKMARK [2][-]{subsection.9.2}{\376\377\000F\000o\000r\000m\000a\000r\000e\000a\000\040\000d\000e\000s\000c\000r\000i\000p\000t\000o\000r\000i\000l\000o\000r\000\040\000d\000e\000\040\000r\000e\000f\000e\000r\000i\000n\000t\000a}{section.9}% 28
\BOOKMARK [2][-]{subsection.9.3}{\376\377\000G\000e\000n\000e\000r\000a\000r\000e\000a\000\040\000h\000i\000s\000t\000o\000g\000r\000a\000m\000e\000l\000o\000r}{section.9}% 29
